<?xml version="1.0" encoding="UTF-8"?>
<!-- Generated by org.testng.reporters.JUnitXMLReporter -->
<testsuite ignored="0" hostname="DESKTOP-LLCTNG7" failures="0" tests="3" name="Default test" time="164.942" errors="0" timestamp="2023-04-12T12:01:12 IST">
  <testcase classname="com.urbanladder.testcases.PlaceOrderTest" name="orderComputerTable" time="30.91"/>
  <testcase classname="com.urbanladder.testcases.PlaceOrderTest" name="orderGamingChair" time="25.827"/>
  <testcase classname="com.urbanladder.testcases.PlaceOrderTest" name="orderBeanBag" time="19.017"/>
</testsuite> <!-- Default test -->
