<?xml version="1.0" encoding="UTF-8"?>
<testng-results ignored="0" total="1" passed="1" failed="0" skipped="0">
  <reporter-output>
  </reporter-output>
  <suite started-at="2023-04-01T20:24:17 IST" name="Default suite" finished-at="2023-04-01T20:24:57 IST" duration-ms="40129">
    <groups>
    </groups>
    <test started-at="2023-04-01T20:24:17 IST" name="Default test" finished-at="2023-04-01T20:24:57 IST" duration-ms="40129">
      <class name="com.urbanladder.qa.testcases.PlaceOrderTest">
        <test-method is-config="true" signature="setUp()[pri:0, instance:com.urbanladder.qa.testcases.PlaceOrderTest@428640fa]" started-at="2023-04-01T20:24:17 IST" name="setUp" finished-at="2023-04-01T20:24:29 IST" duration-ms="11512" status="PASS">
          <reporter-output>
          </reporter-output>
        </test-method> <!-- setUp -->
        <test-method is-config="true" signature="loginTest()[pri:0, instance:com.urbanladder.qa.testcases.PlaceOrderTest@428640fa]" started-at="2023-04-01T20:24:29 IST" name="loginTest" finished-at="2023-04-01T20:24:35 IST" duration-ms="6050" status="PASS">
          <reporter-output>
          </reporter-output>
        </test-method> <!-- loginTest -->
        <test-method signature="orderComputerTable()[pri:0, instance:com.urbanladder.qa.testcases.PlaceOrderTest@428640fa]" started-at="2023-04-01T20:24:35 IST" name="orderComputerTable" finished-at="2023-04-01T20:24:55 IST" duration-ms="20490" status="PASS">
          <reporter-output>
          </reporter-output>
        </test-method> <!-- orderComputerTable -->
        <test-method is-config="true" signature="logout()[pri:0, instance:com.urbanladder.qa.testcases.PlaceOrderTest@428640fa]" started-at="2023-04-01T20:24:55 IST" name="logout" finished-at="2023-04-01T20:24:57 IST" duration-ms="1526" status="PASS">
          <reporter-output>
          </reporter-output>
        </test-method> <!-- logout -->
        <test-method is-config="true" signature="tearDown()[pri:0, instance:com.urbanladder.qa.testcases.PlaceOrderTest@428640fa]" started-at="2023-04-01T20:24:57 IST" name="tearDown" finished-at="2023-04-01T20:24:57 IST" duration-ms="475" status="PASS">
          <reporter-output>
          </reporter-output>
        </test-method> <!-- tearDown -->
      </class> <!-- com.urbanladder.qa.testcases.PlaceOrderTest -->
    </test> <!-- Default test -->
  </suite> <!-- Default suite -->
</testng-results>
