<?xml version="1.0" encoding="UTF-8"?>
<!-- Generated by org.testng.reporters.JUnitReportReporter -->
<testsuite hostname="DESKTOP-LLCTNG7" failures="0" tests="2" name="com.urbanladder.qa.testcases.SignUpAndLoginTest" time="7.159" errors="0" timestamp="2023-03-29T23:07:58 IST" skipped="1">
  <testcase classname="com.urbanladder.qa.testcases.SignUpAndLoginTest" name="loginTest" time="7.159"/>
  <system-out/>
  <testcase classname="com.urbanladder.qa.testcases.SignUpAndLoginTest" name="signUpTest">
    <skipped/>
  </testcase> <!-- signUpTest -->
  <system-out/>
</testsuite> <!-- com.urbanladder.qa.testcases.SignUpAndLoginTest -->
