<?xml version="1.0" encoding="UTF-8"?>
<!-- Generated by org.testng.reporters.JUnitReportReporter -->
<testsuite hostname="DESKTOP-LLCTNG7" failures="0" tests="3" name="com.urbanladder.testcases.PlaceOrderTest" time="151.454" errors="0" timestamp="2023-04-12T12:01:12 IST" skipped="0">
  <testcase classname="com.urbanladder.testcases.PlaceOrderTest" name="orderComputerTable" time="42.843"/>
  <system-out/>
  <testcase classname="com.urbanladder.testcases.PlaceOrderTest" name="orderGamingChair" time="57.684"/>
  <system-out/>
  <testcase classname="com.urbanladder.testcases.PlaceOrderTest" name="orderBeanBag" time="50.927"/>
  <system-out/>
</testsuite> <!-- com.urbanladder.testcases.PlaceOrderTest -->
